<?xml version="1.0" encoding="UTF-8"?>
<robot generator="Robot 5.0.1 (Python 3.9.13 on win32)" generated="20220522 22:56:17.174" rpa="false" schemaversion="3">
<suite id="s1" name="TC002" source="C:\Users\chandra\PycharmProjects\PP\TestSuite\TC002.robot">
<test id="s1-t1" name="Nop Commerce Test Case" line="9">
<kw name="Open Browser" library="SeleniumLibrary">
<arg>${url}</arg>
<arg>${browser}</arg>
<doc>Opens a new browser instance to the optional ``url``.</doc>
<msg timestamp="20220522 22:56:17.404" level="INFO">Opening browser 'chrome' to base url 'https://www.naukri.com/'.</msg>
<status status="PASS" starttime="20220522 22:56:17.403" endtime="20220522 22:56:21.858"/>
</kw>
<kw name="Maximize Browser Window" library="SeleniumLibrary">
<doc>Maximizes current browser window.</doc>
<status status="PASS" starttime="20220522 22:56:21.859" endtime="20220522 22:56:21.999"/>
</kw>
<kw name="Sleep" library="BuiltIn">
<arg>3s</arg>
<doc>Pauses the test executed for the given time.</doc>
<msg timestamp="20220522 22:56:25.002" level="INFO">Slept 3 seconds</msg>
<status status="PASS" starttime="20220522 22:56:22.000" endtime="20220522 22:56:25.002"/>
</kw>
<kw name="Click Element" library="SeleniumLibrary">
<arg>//*[@id="login_Layer"]/div</arg>
<doc>Click the element identified by ``locator``.</doc>
<msg timestamp="20220522 22:56:25.003" level="INFO">Clicking element '//*[@id="login_Layer"]/div'.</msg>
<status status="PASS" starttime="20220522 22:56:25.003" endtime="20220522 22:56:25.086"/>
</kw>
<kw name="Sleep" library="BuiltIn">
<arg>3s</arg>
<doc>Pauses the test executed for the given time.</doc>
<msg timestamp="20220522 22:56:28.102" level="INFO">Slept 3 seconds</msg>
<status status="PASS" starttime="20220522 22:56:25.087" endtime="20220522 22:56:28.102"/>
</kw>
<kw name="Input Text" library="SeleniumLibrary">
<arg>//*[@id="root"]/div[3]/div[2]/div/form/div[2]/input</arg>
<arg>sowjanya.rane@itpeoplecorp.com</arg>
<doc>Types the given ``text`` into the text field identified by ``locator``.</doc>
<msg timestamp="20220522 22:56:28.103" level="INFO">Typing text 'sowjanya.rane@itpeoplecorp.com' into text field '//*[@id="root"]/div[3]/div[2]/div/form/div[2]/input'.</msg>
<status status="PASS" starttime="20220522 22:56:28.103" endtime="20220522 22:56:28.230"/>
</kw>
<kw name="Sleep" library="BuiltIn">
<arg>5s</arg>
<doc>Pauses the test executed for the given time.</doc>
<msg timestamp="20220522 22:56:33.243" level="INFO">Slept 5 seconds</msg>
<status status="PASS" starttime="20220522 22:56:28.231" endtime="20220522 22:56:33.244"/>
</kw>
<kw name="Input Text" library="SeleniumLibrary">
<arg>//input[@type = "password"]</arg>
<arg>May@2022</arg>
<doc>Types the given ``text`` into the text field identified by ``locator``.</doc>
<msg timestamp="20220522 22:56:33.245" level="INFO">Typing text 'May@2022' into text field '//input[@type = "password"]'.</msg>
<status status="PASS" starttime="20220522 22:56:33.244" endtime="20220522 22:56:33.383"/>
</kw>
<kw name="Sleep" library="BuiltIn">
<arg>5s</arg>
<doc>Pauses the test executed for the given time.</doc>
<msg timestamp="20220522 22:56:38.385" level="INFO">Slept 5 seconds</msg>
<status status="PASS" starttime="20220522 22:56:33.384" endtime="20220522 22:56:38.385"/>
</kw>
<kw name="Click Element" library="SeleniumLibrary">
<arg>//*[@id="root"]/div[3]/div[2]/div/form/div[6]/button</arg>
<doc>Click the element identified by ``locator``.</doc>
<msg timestamp="20220522 22:56:38.387" level="INFO">Clicking element '//*[@id="root"]/div[3]/div[2]/div/form/div[6]/button'.</msg>
<status status="PASS" starttime="20220522 22:56:38.386" endtime="20220522 22:56:38.458"/>
</kw>
<status status="PASS" starttime="20220522 22:56:17.402" endtime="20220522 22:56:38.460"/>
</test>
<status status="PASS" starttime="20220522 22:56:17.176" endtime="20220522 22:56:38.463"/>
</suite>
<statistics>
<total>
<stat pass="1" fail="0" skip="0">All Tests</stat>
</total>
<tag>
</tag>
<suite>
<stat pass="1" fail="0" skip="0" id="s1" name="TC002">TC002</stat>
</suite>
</statistics>
<errors>
</errors>
</robot>
